action: GLOB, msg: packaging
cwd: /Users/jonathanvelasco/Documents/elmer/elmer_circuitbuilder
cmd: /Library/Frameworks/Python.framework/Versions/3.9/bin/python3 setup.py sdist --formats=zip --dist-dir .tox/dist
/Library/Frameworks/Python.framework/Versions/3.9/lib/python3.9/site-packages/setuptools/dist.py:484: UserWarning: Normalizing 'v0.0.4' to '0.0.4'
  warnings.warn(tmpl.format(**locals()))
running sdist
running egg_info
writing elmer_circuitbuilder/elmer_circuitbuilder.egg-info/PKG-INFO
writing dependency_links to elmer_circuitbuilder/elmer_circuitbuilder.egg-info/dependency_links.txt
writing requirements to elmer_circuitbuilder/elmer_circuitbuilder.egg-info/requires.txt
writing top-level names to elmer_circuitbuilder/elmer_circuitbuilder.egg-info/top_level.txt
reading manifest file 'elmer_circuitbuilder/elmer_circuitbuilder.egg-info/SOURCES.txt'
reading manifest template 'MANIFEST.in'
warning: no previously-included files matching '__pycache__' found under directory '*'
warning: no files found matching '*.jpg' under directory 'docs'
warning: no files found matching '*.png' under directory 'docs'
warning: no files found matching '*.gif' under directory 'docs'
warning: no files found matching '.md' under directory 'docs'
adding license file 'LICENSE'
adding license file 'AUTHORS.rst'
writing manifest file 'elmer_circuitbuilder/elmer_circuitbuilder.egg-info/SOURCES.txt'
running check
creating elmer_circuitbuilder-0.0.4
creating elmer_circuitbuilder-0.0.4/docs
creating elmer_circuitbuilder-0.0.4/elmer_circuitbuilder
creating elmer_circuitbuilder-0.0.4/elmer_circuitbuilder/elmer_circuitbuilder.egg-info
creating elmer_circuitbuilder-0.0.4/tests
copying files to elmer_circuitbuilder-0.0.4...
copying AUTHORS.rst -> elmer_circuitbuilder-0.0.4
copying CONTRIBUTING.rst -> elmer_circuitbuilder-0.0.4
copying HISTORY.rst -> elmer_circuitbuilder-0.0.4
copying LICENSE -> elmer_circuitbuilder-0.0.4
copying MANIFEST.in -> elmer_circuitbuilder-0.0.4
copying README.md -> elmer_circuitbuilder-0.0.4
copying README.rst -> elmer_circuitbuilder-0.0.4
copying setup.cfg -> elmer_circuitbuilder-0.0.4
copying setup.py -> elmer_circuitbuilder-0.0.4
copying docs/Makefile -> elmer_circuitbuilder-0.0.4/docs
copying docs/authors.rst -> elmer_circuitbuilder-0.0.4/docs
copying docs/conf.py -> elmer_circuitbuilder-0.0.4/docs
copying docs/contributing.rst -> elmer_circuitbuilder-0.0.4/docs
copying docs/history.rst -> elmer_circuitbuilder-0.0.4/docs
copying docs/index.rst -> elmer_circuitbuilder-0.0.4/docs
copying docs/installation.rst -> elmer_circuitbuilder-0.0.4/docs
copying docs/make.bat -> elmer_circuitbuilder-0.0.4/docs
copying docs/readme.rst -> elmer_circuitbuilder-0.0.4/docs
copying docs/usage.rst -> elmer_circuitbuilder-0.0.4/docs
copying elmer_circuitbuilder/elmer_circuitbuilder.py -> elmer_circuitbuilder-0.0.4/elmer_circuitbuilder
copying elmer_circuitbuilder/elmer_circuitbuilder.egg-info/PKG-INFO -> elmer_circuitbuilder-0.0.4/elmer_circuitbuilder/elmer_circuitbuilder.egg-info
copying elmer_circuitbuilder/elmer_circuitbuilder.egg-info/SOURCES.txt -> elmer_circuitbuilder-0.0.4/elmer_circuitbuilder/elmer_circuitbuilder.egg-info
copying elmer_circuitbuilder/elmer_circuitbuilder.egg-info/dependency_links.txt -> elmer_circuitbuilder-0.0.4/elmer_circuitbuilder/elmer_circuitbuilder.egg-info
copying elmer_circuitbuilder/elmer_circuitbuilder.egg-info/not-zip-safe -> elmer_circuitbuilder-0.0.4/elmer_circuitbuilder/elmer_circuitbuilder.egg-info
copying elmer_circuitbuilder/elmer_circuitbuilder.egg-info/requires.txt -> elmer_circuitbuilder-0.0.4/elmer_circuitbuilder/elmer_circuitbuilder.egg-info
copying elmer_circuitbuilder/elmer_circuitbuilder.egg-info/top_level.txt -> elmer_circuitbuilder-0.0.4/elmer_circuitbuilder/elmer_circuitbuilder.egg-info
copying tests/__init__.py -> elmer_circuitbuilder-0.0.4/tests
copying tests/test_elmer_circuitbuilder.py -> elmer_circuitbuilder-0.0.4/tests
Writing elmer_circuitbuilder-0.0.4/setup.cfg
creating '.tox/dist/elmer_circuitbuilder-0.0.4.zip' and adding 'elmer_circuitbuilder-0.0.4' to it
adding 'elmer_circuitbuilder-0.0.4'
adding 'elmer_circuitbuilder-0.0.4/tests'
adding 'elmer_circuitbuilder-0.0.4/docs'
adding 'elmer_circuitbuilder-0.0.4/elmer_circuitbuilder'
adding 'elmer_circuitbuilder-0.0.4/PKG-INFO'
adding 'elmer_circuitbuilder-0.0.4/LICENSE'
adding 'elmer_circuitbuilder-0.0.4/CONTRIBUTING.rst'
adding 'elmer_circuitbuilder-0.0.4/MANIFEST.in'
adding 'elmer_circuitbuilder-0.0.4/README.md'
adding 'elmer_circuitbuilder-0.0.4/setup.py'
adding 'elmer_circuitbuilder-0.0.4/HISTORY.rst'
adding 'elmer_circuitbuilder-0.0.4/AUTHORS.rst'
adding 'elmer_circuitbuilder-0.0.4/setup.cfg'
adding 'elmer_circuitbuilder-0.0.4/README.rst'
adding 'elmer_circuitbuilder-0.0.4/tests/test_elmer_circuitbuilder.py'
adding 'elmer_circuitbuilder-0.0.4/tests/__init__.py'
adding 'elmer_circuitbuilder-0.0.4/docs/index.rst'
adding 'elmer_circuitbuilder-0.0.4/docs/contributing.rst'
adding 'elmer_circuitbuilder-0.0.4/docs/Makefile'
adding 'elmer_circuitbuilder-0.0.4/docs/conf.py'
adding 'elmer_circuitbuilder-0.0.4/docs/usage.rst'
adding 'elmer_circuitbuilder-0.0.4/docs/make.bat'
adding 'elmer_circuitbuilder-0.0.4/docs/history.rst'
adding 'elmer_circuitbuilder-0.0.4/docs/installation.rst'
adding 'elmer_circuitbuilder-0.0.4/docs/authors.rst'
adding 'elmer_circuitbuilder-0.0.4/docs/readme.rst'
adding 'elmer_circuitbuilder-0.0.4/elmer_circuitbuilder/elmer_circuitbuilder.egg-info'
adding 'elmer_circuitbuilder-0.0.4/elmer_circuitbuilder/elmer_circuitbuilder.py'
adding 'elmer_circuitbuilder-0.0.4/elmer_circuitbuilder/elmer_circuitbuilder.egg-info/PKG-INFO'
adding 'elmer_circuitbuilder-0.0.4/elmer_circuitbuilder/elmer_circuitbuilder.egg-info/not-zip-safe'
adding 'elmer_circuitbuilder-0.0.4/elmer_circuitbuilder/elmer_circuitbuilder.egg-info/SOURCES.txt'
adding 'elmer_circuitbuilder-0.0.4/elmer_circuitbuilder/elmer_circuitbuilder.egg-info/requires.txt'
adding 'elmer_circuitbuilder-0.0.4/elmer_circuitbuilder/elmer_circuitbuilder.egg-info/top_level.txt'
adding 'elmer_circuitbuilder-0.0.4/elmer_circuitbuilder/elmer_circuitbuilder.egg-info/dependency_links.txt'
removing 'elmer_circuitbuilder-0.0.4' (and everything under it)
